Flutter crash report.
Please report a bug at https://github.com/flutter/flutter/issues.

## command

flutter run

## exception

RPCError: _flutter.listViews: (-32000) Service connection disposed

```
#0      VmService._call (package:vm_service/src/vm_service.dart:1769:7)
#1      VmService.callServiceExtension (package:vm_service/src/vm_service.dart:1721:14)
#2      VmService.callMethod (package:vm_service/src/vm_service.dart:1712:12)
#3      FlutterVmService.callMethodWrapper (package:flutter_tools/src/vmservice.dart:501:28)
#4      FlutterVmService.getFlutterViews (package:flutter_tools/src/vmservice.dart:913:51)
#5      HotRunner.attach (package:flutter_tools/src/run_hot.dart:304:63)
<asynchronous suspension>
#6      RunCommand.runCommand (package:flutter_tools/src/commands/run.dart:867:27)
<asynchronous suspension>
#7      FlutterCommand.run.<anonymous closure> (package:flutter_tools/src/runner/flutter_command.dart:1408:27)
<asynchronous suspension>
#8      AppContext.run.<anonymous closure> (package:flutter_tools/src/base/context.dart:153:19)
<asynchronous suspension>
#9      CommandRunner.runCommand (package:args/command_runner.dart:212:13)
<asynchronous suspension>
#10     FlutterCommandRunner.runCommand.<anonymous closure> (package:flutter_tools/src/runner/flutter_command_runner.dart:420:9)
<asynchronous suspension>
#11     AppContext.run.<anonymous closure> (package:flutter_tools/src/base/context.dart:153:19)
<asynchronous suspension>
#12     FlutterCommandRunner.runCommand (package:flutter_tools/src/runner/flutter_command_runner.dart:364:5)
<asynchronous suspension>
#13     run.<anonymous closure>.<anonymous closure> (package:flutter_tools/runner.dart:130:9)
<asynchronous suspension>
#14     AppContext.run.<anonymous closure> (package:flutter_tools/src/base/context.dart:153:19)
<asynchronous suspension>
#15     main (package:flutter_tools/executable.dart:93:3)
<asynchronous suspension>
```

## flutter doctor

```
[32m[✓][39m Flutter (Channel stable, 3.24.1, on Microsoft Windows [Versi¢n 10.0.19045.4780], locale es-CO)
    [32m•[39m Flutter version 3.24.1 on channel stable at C:\dev\flutter
    [32m•[39m Upstream repository https://github.com/flutter/flutter.git
    [32m•[39m Framework revision 5874a72aa4 (2 weeks ago), 2024-08-20 16:46:00 -0500
    [32m•[39m Engine revision c9b9d5780d
    [32m•[39m Dart version 3.5.1
    [32m•[39m DevTools version 2.37.2

[32m[✓][39m Windows Version (Installed version of Windows is version 10 or higher)

[32m[✓][39m Android toolchain - develop for Android devices (Android SDK version 35.0.0)
    [32m•[39m Android SDK at C:\Users\Admin\AppData\Local\Android\Sdk
    [32m•[39m Platform android-35, build-tools 35.0.0
    [32m•[39m ANDROID_HOME = C:\Users\Admin\AppData\Local\Android\Sdk
    [32m•[39m Java binary at: C:\Program Files\Android\Android Studio\jbr\bin\java
    [32m•[39m Java version OpenJDK Runtime Environment (build 17.0.11+0--11852314)
    [32m•[39m All Android licenses accepted.

[32m[✓][39m Chrome - develop for the web
    [32m•[39m Chrome at C:\Program Files\Google\Chrome\Application\chrome.exe

[32m[✓][39m Visual Studio - develop Windows apps (Visual Studio Community 2022 17.11.2)
    [32m•[39m Visual Studio at C:\Program Files\Microsoft Visual Studio\2022\Community
    [32m•[39m Visual Studio Community 2022 version 17.11.35222.181
    [32m•[39m Windows 10 SDK version 10.0.22621.0

[32m[✓][39m Android Studio (version 2024.1)
    [32m•[39m Android Studio at C:\Program Files\Android\Android Studio
    [32m•[39m Flutter plugin can be installed from:
      🔨 https://plugins.jetbrains.com/plugin/9212-flutter
    [32m•[39m Dart plugin can be installed from:
      🔨 https://plugins.jetbrains.com/plugin/6351-dart
    [32m•[39m Java version OpenJDK Runtime Environment (build 17.0.11+0--11852314)

[32m[✓][39m VS Code (version 1.92.2)
    [32m•[39m VS Code at C:\Users\Admin\AppData\Local\Programs\Microsoft VS Code
    [32m•[39m Flutter extension version 3.96.0

[32m[✓][39m Connected device (4 available)
    [32m•[39m moto e5 play (mobile) • ZY3234JNJM • android-arm    • Android 8.1.0 (API 27)
    [32m•[39m Windows (desktop)     • windows    • windows-x64    • Microsoft Windows [Versi¢n 10.0.19045.4780]
    [32m•[39m Chrome (web)          • chrome     • web-javascript • Google Chrome 128.0.6613.114
    [32m•[39m Edge (web)            • edge       • web-javascript • Microsoft Edge 127.0.2651.105

[32m[✓][39m Network resources
    [32m•[39m All expected network resources are available.

[32m•[39m No issues found!
```
